<?xml version="1.0" encoding="UTF-8"?>
<!-- Generated by org.testng.reporters.JUnitReportReporter -->
<testsuite hostname="APL-5CD4070B3G" failures="0" tests="1" name="tests.LoginTest" time="0.255" errors="0" timestamp="2025-03-24T11:19:21 IST" skipped="0">
  <testcase classname="tests.LoginTest" name="testLogin" time="0.255"/>
  <system-out/>
</testsuite> <!-- tests.LoginTest -->
