<?xml version="1.0" encoding="UTF-8"?>
<!-- Generated by org.testng.reporters.JUnitReportReporter -->
<testsuite hostname="APL-5CD4070B3G" failures="0" tests="1" name="tests.CartTest" time="2.587" errors="0" timestamp="2025-03-24T11:50:48 IST" skipped="0">
  <testcase classname="tests.CartTest" name="testCheckout" time="2.587"/>
  <system-out/>
</testsuite> <!-- tests.CartTest -->
