<?xml version="1.0" encoding="UTF-8"?>
<!-- Generated by org.testng.reporters.JUnitReportReporter -->
<testsuite hostname="APL-5CD4070B3G" failures="0" tests="1" name="tests.ProductTest" time="6.915" errors="0" timestamp="2025-04-02T11:54:15 IST" skipped="0">
  <testcase classname="tests.ProductTest" name="testAddToCart" time="6.915"/>
  <system-out/>
</testsuite> <!-- tests.ProductTest -->
