<?xml version="1.0" encoding="UTF-8"?>
<!-- Generated by org.testng.reporters.JUnitReportReporter -->
<testsuite hostname="APL-5CD4070B3G" failures="0" tests="1" name="tests.ProductTest" time="1.695" errors="0" timestamp="2025-03-24T11:41:46 IST" skipped="0">
  <testcase classname="tests.ProductTest" name="testAddToCart" time="1.695"/>
  <system-out/>
</testsuite> <!-- tests.ProductTest -->
