<?xml version="1.0" encoding="UTF-8"?>
<!-- Generated by org.testng.reporters.JUnitReportReporter -->
<testsuite hostname="APL-5CD4070B3G" failures="0" tests="1" name="tests.LoginTest" time="6.800" errors="0" timestamp="2025-04-02T11:53:54 IST" skipped="0">
  <testcase classname="tests.LoginTest" name="testLogin" time="6.800"/>
  <system-out/>
</testsuite> <!-- tests.LoginTest -->
