<?xml version="1.0" encoding="UTF-8"?>
<!-- Generated by org.testng.reporters.JUnitReportReporter -->
<testsuite hostname="APL-5CD4070B3G" failures="0" tests="1" name="tests.CartTest" time="7.717" errors="0" timestamp="2025-04-02T11:54:35 IST" skipped="0">
  <testcase classname="tests.CartTest" name="testCheckout" time="7.717"/>
  <system-out/>
</testsuite> <!-- tests.CartTest -->
